<?xml version="1.0" encoding="UTF-8"?>
<testng-results skipped="0" failed="0" ignored="0" total="1" passed="1">
  <reporter-output>
  </reporter-output>
  <suite name="Suite" duration-ms="29637" started-at="2018-11-23T19:40:28Z" finished-at="2018-11-23T19:40:58Z">
    <groups>
    </groups>
    <test name="Test" duration-ms="29637" started-at="2018-11-23T19:40:28Z" finished-at="2018-11-23T19:40:58Z">
      <class name="SimpleMavenTestNGClass">
        <test-method status="PASS" signature="mTestCase()[pri:0, instance:SimpleMavenTestNGClass@18c7aca]" name="mTestCase" duration-ms="29611" started-at="2018-11-23T19:40:28Z" finished-at="2018-11-23T19:40:58Z">
          <reporter-output>
          </reporter-output>
        </test-method> <!-- mTestCase -->
      </class> <!-- SimpleMavenTestNGClass -->
    </test> <!-- Test -->
  </suite> <!-- Suite -->
</testng-results>
