<?xml version="1.0" encoding="UTF-8"?>
<testng-results skipped="0" failed="0" ignored="0" total="1" passed="1">
  <reporter-output>
  </reporter-output>
  <suite name="Suite" duration-ms="58" started-at="2018-11-23T19:32:42Z" finished-at="2018-11-23T19:32:43Z">
    <groups>
    </groups>
    <test name="Test" duration-ms="58" started-at="2018-11-23T19:32:42Z" finished-at="2018-11-23T19:32:43Z">
      <class name="SimpleMavenTestNGClass">
        <test-method status="PASS" signature="mTestCase()[pri:0, instance:SimpleMavenTestNGClass@193948d]" name="mTestCase" duration-ms="16" started-at="2018-11-23T19:32:43Z" finished-at="2018-11-23T19:32:43Z">
          <reporter-output>
          </reporter-output>
        </test-method> <!-- mTestCase -->
      </class> <!-- SimpleMavenTestNGClass -->
    </test> <!-- Test -->
  </suite> <!-- Suite -->
</testng-results>
